<?xml version="1.0" encoding="UTF-8"?>
<!-- Generated by org.testng.reporters.JUnitReportReporter -->
<testsuite hostname="SL16" failures="0" tests="4" name="TestScript.ArticleScript" time="4.647" errors="0" timestamp="2026-03-06T11:10:02 IST" skipped="0">
  <testcase classname="TestScript.ArticleScript" name="logintest" time="1.150"/>
  <testcase classname="TestScript.ArticleScript" name="newarticletest" time="0.993"/>
  <testcase classname="TestScript.ArticleScript" name="EditArticleTest" time="1.414"/>
  <testcase classname="TestScript.ArticleScript" name="DeleteArticleTest" time="1.090"/>
</testsuite> <!-- TestScript.ArticleScript -->
