<?xml version="1.0" encoding="UTF-8"?>
<!-- Generated by org.testng.reporters.JUnitReportReporter -->
<testsuite hostname="SL16" failures="0" tests="4" name="Runner.ArticleCRUD" time="0.530" errors="0" timestamp="2026-03-06T11:46:52 IST" skipped="0">
  <testcase classname="Runner.ArticleCRUD" name="runScenario" time="0.035"/>
  <testcase classname="Runner.ArticleCRUD" name="runScenario" time="0.025"/>
  <testcase classname="Runner.ArticleCRUD" name="runScenario" time="0.423"/>
  <testcase classname="Runner.ArticleCRUD" name="runScenario" time="0.047"/>
</testsuite> <!-- Runner.ArticleCRUD -->
